

Started GET "/" for ::1 at 2015-03-27 19:31:58 +0000
Processing by Rails::WelcomeController#index as HTML
  Rendered /Users/jsundt/.rvm/gems/ruby-2.1.1/gems/railties-4.2.0/lib/rails/templates/rails/welcome/index.html.erb (1.8ms)
Completed 200 OK in 18ms (Views: 10.5ms | ActiveRecord: 0.0ms)
  [1m[36m (1.0ms)[0m  [1mCREATE TABLE "schema_migrations" ("version" varchar NOT NULL) [0m
  [1m[35m (0.1ms)[0m  select sqlite_version(*)
  [1m[36m (0.9ms)[0m  [1mCREATE UNIQUE INDEX "unique_schema_migrations" ON "schema_migrations" ("version")[0m
  [1m[35mActiveRecord::SchemaMigration Load (0.1ms)[0m  SELECT "schema_migrations".* FROM "schema_migrations"
Migrating to CreateShoppingLists (20150327194236)
  [1m[36m (0.1ms)[0m  [1mbegin transaction[0m
  [1m[35m (0.4ms)[0m  CREATE TABLE "shopping_lists" ("id" INTEGER PRIMARY KEY AUTOINCREMENT NOT NULL, "title" varchar, "description" text, "created_at" datetime NOT NULL, "updated_at" datetime NOT NULL) 
  [1m[36mSQL (0.2ms)[0m  [1mINSERT INTO "schema_migrations" ("version") VALUES (?)[0m  [["version", "20150327194236"]]
  [1m[35m (0.7ms)[0m  commit transaction
  [1m[36mActiveRecord::SchemaMigration Load (0.1ms)[0m  [1mSELECT "schema_migrations".* FROM "schema_migrations"[0m


Started GET "/" for ::1 at 2015-03-27 19:44:34 +0000
  [1m[36mActiveRecord::SchemaMigration Load (0.1ms)[0m  [1mSELECT "schema_migrations".* FROM "schema_migrations"[0m
Processing by Rails::WelcomeController#index as HTML
  Rendered /Users/jsundt/.rvm/gems/ruby-2.1.1/gems/railties-4.2.0/lib/rails/templates/rails/welcome/index.html.erb (1.8ms)
Completed 200 OK in 16ms (Views: 8.2ms | ActiveRecord: 0.0ms)


Started GET "/" for ::1 at 2015-03-27 19:44:35 +0000
Processing by Rails::WelcomeController#index as HTML
  Rendered /Users/jsundt/.rvm/gems/ruby-2.1.1/gems/railties-4.2.0/lib/rails/templates/rails/welcome/index.html.erb (0.0ms)
Completed 200 OK in 1ms (Views: 0.8ms | ActiveRecord: 0.0ms)


Started GET "/shopping_list" for ::1 at 2015-03-27 19:44:51 +0000

ActionController::RoutingError (No route matches [GET] "/shopping_list"):
  actionpack (4.2.0) lib/action_dispatch/middleware/debug_exceptions.rb:21:in `call'
  actionpack (4.2.0) lib/action_dispatch/middleware/show_exceptions.rb:30:in `call'
  railties (4.2.0) lib/rails/rack/logger.rb:38:in `call_app'
  railties (4.2.0) lib/rails/rack/logger.rb:20:in `block in call'
  activesupport (4.2.0) lib/active_support/tagged_logging.rb:68:in `block in tagged'
  activesupport (4.2.0) lib/active_support/tagged_logging.rb:26:in `tagged'
  activesupport (4.2.0) lib/active_support/tagged_logging.rb:68:in `tagged'
  railties (4.2.0) lib/rails/rack/logger.rb:20:in `call'
  actionpack (4.2.0) lib/action_dispatch/middleware/request_id.rb:21:in `call'
  rack (1.6.0) lib/rack/methodoverride.rb:22:in `call'
  rack (1.6.0) lib/rack/runtime.rb:18:in `call'
  activesupport (4.2.0) lib/active_support/cache/strategy/local_cache_middleware.rb:28:in `call'
  rack (1.6.0) lib/rack/lock.rb:17:in `call'
  actionpack (4.2.0) lib/action_dispatch/middleware/static.rb:113:in `call'
  rack (1.6.0) lib/rack/sendfile.rb:113:in `call'
  railties (4.2.0) lib/rails/engine.rb:518:in `call'
  railties (4.2.0) lib/rails/application.rb:164:in `call'
  rack (1.6.0) lib/rack/lock.rb:17:in `call'
  rack (1.6.0) lib/rack/content_length.rb:15:in `call'
  rack (1.6.0) lib/rack/handler/webrick.rb:89:in `service'
  /Users/jsundt/.rvm/rubies/ruby-2.1.1/lib/ruby/2.1.0/webrick/httpserver.rb:138:in `service'
  /Users/jsundt/.rvm/rubies/ruby-2.1.1/lib/ruby/2.1.0/webrick/httpserver.rb:94:in `run'
  /Users/jsundt/.rvm/rubies/ruby-2.1.1/lib/ruby/2.1.0/webrick/server.rb:295:in `block in start_thread'


  Rendered /Users/jsundt/.rvm/gems/ruby-2.1.1/gems/actionpack-4.2.0/lib/action_dispatch/middleware/templates/rescues/_trace.html.erb (1.2ms)
  Rendered /Users/jsundt/.rvm/gems/ruby-2.1.1/gems/actionpack-4.2.0/lib/action_dispatch/middleware/templates/routes/_route.html.erb (0.8ms)
  Rendered /Users/jsundt/.rvm/gems/ruby-2.1.1/gems/actionpack-4.2.0/lib/action_dispatch/middleware/templates/routes/_table.html.erb (8.3ms)
  Rendered /Users/jsundt/.rvm/gems/ruby-2.1.1/gems/actionpack-4.2.0/lib/action_dispatch/middleware/templates/rescues/_request_and_response.html.erb (0.9ms)
  Rendered /Users/jsundt/.rvm/gems/ruby-2.1.1/gems/actionpack-4.2.0/lib/action_dispatch/middleware/templates/rescues/routing_error.html.erb within rescues/layout (35.7ms)


Started GET "/shopping_lists" for ::1 at 2015-03-27 19:44:53 +0000
Processing by ShoppingListsController#index as HTML
  [1m[35mShoppingList Load (0.1ms)[0m  SELECT "shopping_lists".* FROM "shopping_lists"
  Rendered shopping_lists/index.html.erb within layouts/application (1.7ms)
DEPRECATION WARNING: Extra .css in SCSS file is unnecessary. Rename /Users/jsundt/.rvm/gems/ruby-2.1.1/bundler/gems/makingpretty-boilerplate-97a73e08b2f8/vendor/assets/stylesheets/makingpretty-boilerplate/config.css.scss to /Users/jsundt/.rvm/gems/ruby-2.1.1/bundler/gems/makingpretty-boilerplate-97a73e08b2f8/vendor/assets/stylesheets/makingpretty-boilerplate/config.scss. (called from _app_views_layouts_application_html_erb__4014793153865085648_2202954780 at /Users/jsundt/Documents/GitHub/js-testapp/app/views/layouts/application.html.erb:10)
DEPRECATION WARNING: Extra .css in SCSS file is unnecessary. Rename /Users/jsundt/Documents/GitHub/js-testapp/app/assets/stylesheets/base/config.css.scss to /Users/jsundt/Documents/GitHub/js-testapp/app/assets/stylesheets/base/config.scss. (called from _app_views_layouts_application_html_erb__4014793153865085648_2202954780 at /Users/jsundt/Documents/GitHub/js-testapp/app/views/layouts/application.html.erb:10)
DEPRECATION WARNING: Extra .css in SCSS file is unnecessary. Rename /Users/jsundt/.rvm/gems/ruby-2.1.1/bundler/gems/makingpretty-boilerplate-97a73e08b2f8/vendor/assets/stylesheets/makingpretty-boilerplate/mixins.css.scss to /Users/jsundt/.rvm/gems/ruby-2.1.1/bundler/gems/makingpretty-boilerplate-97a73e08b2f8/vendor/assets/stylesheets/makingpretty-boilerplate/mixins.scss. (called from _app_views_layouts_application_html_erb__4014793153865085648_2202954780 at /Users/jsundt/Documents/GitHub/js-testapp/app/views/layouts/application.html.erb:10)
DEPRECATION WARNING: Extra .css in SCSS file is unnecessary. Rename /Users/jsundt/.rvm/gems/ruby-2.1.1/bundler/gems/makingpretty-boilerplate-97a73e08b2f8/vendor/assets/stylesheets/makingpretty-boilerplate/type.css.scss to /Users/jsundt/.rvm/gems/ruby-2.1.1/bundler/gems/makingpretty-boilerplate-97a73e08b2f8/vendor/assets/stylesheets/makingpretty-boilerplate/type.scss. (called from _app_views_layouts_application_html_erb__4014793153865085648_2202954780 at /Users/jsundt/Documents/GitHub/js-testapp/app/views/layouts/application.html.erb:10)
DEPRECATION WARNING: Extra .css in SCSS file is unnecessary. Rename /Users/jsundt/.rvm/gems/ruby-2.1.1/bundler/gems/makingpretty-boilerplate-97a73e08b2f8/vendor/assets/stylesheets/makingpretty-boilerplate/modules/buttons.css.scss to /Users/jsundt/.rvm/gems/ruby-2.1.1/bundler/gems/makingpretty-boilerplate-97a73e08b2f8/vendor/assets/stylesheets/makingpretty-boilerplate/modules/buttons.scss. (called from _app_views_layouts_application_html_erb__4014793153865085648_2202954780 at /Users/jsundt/Documents/GitHub/js-testapp/app/views/layouts/application.html.erb:10)
DEPRECATION WARNING: Extra .css in SCSS file is unnecessary. Rename /Users/jsundt/Documents/GitHub/js-testapp/app/assets/stylesheets/pages/layout.css.scss to /Users/jsundt/Documents/GitHub/js-testapp/app/assets/stylesheets/pages/layout.scss. (called from _app_views_layouts_application_html_erb__4014793153865085648_2202954780 at /Users/jsundt/Documents/GitHub/js-testapp/app/views/layouts/application.html.erb:10)
DEPRECATION WARNING: Extra .css in SCSS file is unnecessary. Rename /Users/jsundt/Documents/GitHub/js-testapp/app/assets/stylesheets/base/shame.css.scss to /Users/jsundt/Documents/GitHub/js-testapp/app/assets/stylesheets/base/shame.scss. (called from _app_views_layouts_application_html_erb__4014793153865085648_2202954780 at /Users/jsundt/Documents/GitHub/js-testapp/app/views/layouts/application.html.erb:10)
DEPRECATION WARNING: Extra .css in SCSS file is unnecessary. Rename /Users/jsundt/.rvm/gems/ruby-2.1.1/bundler/gems/makingpretty-boilerplate-97a73e08b2f8/vendor/assets/stylesheets/makingpretty-boilerplate/config.css.scss to /Users/jsundt/.rvm/gems/ruby-2.1.1/bundler/gems/makingpretty-boilerplate-97a73e08b2f8/vendor/assets/stylesheets/makingpretty-boilerplate/config.scss. (called from _app_views_layouts_application_html_erb__4014793153865085648_2202954780 at /Users/jsundt/Documents/GitHub/js-testapp/app/views/layouts/application.html.erb:10)
DEPRECATION WARNING: Extra .css in SCSS file is unnecessary. Rename /Users/jsundt/Documents/GitHub/js-testapp/app/assets/stylesheets/base/config.css.scss to /Users/jsundt/Documents/GitHub/js-testapp/app/assets/stylesheets/base/config.scss. (called from _app_views_layouts_application_html_erb__4014793153865085648_2202954780 at /Users/jsundt/Documents/GitHub/js-testapp/app/views/layouts/application.html.erb:10)
DEPRECATION WARNING: Extra .css in SCSS file is unnecessary. Rename /Users/jsundt/.rvm/gems/ruby-2.1.1/bundler/gems/makingpretty-boilerplate-97a73e08b2f8/vendor/assets/stylesheets/makingpretty-boilerplate/mixins.css.scss to /Users/jsundt/.rvm/gems/ruby-2.1.1/bundler/gems/makingpretty-boilerplate-97a73e08b2f8/vendor/assets/stylesheets/makingpretty-boilerplate/mixins.scss. (called from _app_views_layouts_application_html_erb__4014793153865085648_2202954780 at /Users/jsundt/Documents/GitHub/js-testapp/app/views/layouts/application.html.erb:10)
DEPRECATION WARNING: Extra .css in SCSS file is unnecessary. Rename /Users/jsundt/.rvm/gems/ruby-2.1.1/bundler/gems/makingpretty-boilerplate-97a73e08b2f8/vendor/assets/stylesheets/makingpretty-boilerplate/type.css.scss to /Users/jsundt/.rvm/gems/ruby-2.1.1/bundler/gems/makingpretty-boilerplate-97a73e08b2f8/vendor/assets/stylesheets/makingpretty-boilerplate/type.scss. (called from _app_views_layouts_application_html_erb__4014793153865085648_2202954780 at /Users/jsundt/Documents/GitHub/js-testapp/app/views/layouts/application.html.erb:10)
DEPRECATION WARNING: Extra .css in SCSS file is unnecessary. Rename /Users/jsundt/.rvm/gems/ruby-2.1.1/bundler/gems/makingpretty-boilerplate-97a73e08b2f8/vendor/assets/stylesheets/makingpretty-boilerplate/modules/buttons.css.scss to /Users/jsundt/.rvm/gems/ruby-2.1.1/bundler/gems/makingpretty-boilerplate-97a73e08b2f8/vendor/assets/stylesheets/makingpretty-boilerplate/modules/buttons.scss. (called from _app_views_layouts_application_html_erb__4014793153865085648_2202954780 at /Users/jsundt/Documents/GitHub/js-testapp/app/views/layouts/application.html.erb:10)
DEPRECATION WARNING: Extra .css in SCSS file is unnecessary. Rename /Users/jsundt/Documents/GitHub/js-testapp/app/assets/stylesheets/pages/layout.css.scss to /Users/jsundt/Documents/GitHub/js-testapp/app/assets/stylesheets/pages/layout.scss. (called from _app_views_layouts_application_html_erb__4014793153865085648_2202954780 at /Users/jsundt/Documents/GitHub/js-testapp/app/views/layouts/application.html.erb:10)
DEPRECATION WARNING: Extra .css in SCSS file is unnecessary. Rename /Users/jsundt/Documents/GitHub/js-testapp/app/assets/stylesheets/base/shame.css.scss to /Users/jsundt/Documents/GitHub/js-testapp/app/assets/stylesheets/base/shame.scss. (called from _app_views_layouts_application_html_erb__4014793153865085648_2202954780 at /Users/jsundt/Documents/GitHub/js-testapp/app/views/layouts/application.html.erb:10)
  Rendered shared/_svgicons.html.erb (0.7ms)
Completed 200 OK in 929ms (Views: 927.1ms | ActiveRecord: 0.2ms)


Started GET "/assets/bootstrap_and_overrides-ae2ba741195fd08c3c01457e3dea0b83.css?body=1" for ::1 at 2015-03-27 19:44:54 +0000


Started GET "/assets/application-ec371c31ed8c145468a68b2dd2481408.css?body=1" for ::1 at 2015-03-27 19:44:54 +0000


Started GET "/assets/jquery-87424c3c19e96d4fb033c10ebe21ec40.js?body=1" for ::1 at 2015-03-27 19:44:54 +0000


Started GET "/assets/jquery_ujs-e27bd20a10d28155845a22d71ef94f2f.js?body=1" for ::1 at 2015-03-27 19:44:54 +0000


Started GET "/assets/turbolinks-f87b3583ca50adb0488b031297f5580d.js?body=1" for ::1 at 2015-03-27 19:44:54 +0000


Started GET "/assets/shopping_lists-fcec5b5a277ac7c20cc9f45a209a3bcd.js?body=1" for ::1 at 2015-03-27 19:44:54 +0000


Started GET "/assets/application-001948a807d6467a657420955d9f0c1c.js?body=1" for ::1 at 2015-03-27 19:44:54 +0000


Started GET "/shopping_lists/new" for ::1 at 2015-03-27 19:45:03 +0000
Processing by ShoppingListsController#new as HTML
  Rendered shopping_lists/_form.html.erb (21.0ms)
  Rendered shopping_lists/new.html.erb within layouts/application (22.3ms)
  Rendered shared/_svgicons.html.erb (0.6ms)
Completed 200 OK in 83ms (Views: 72.2ms | ActiveRecord: 0.2ms)


Started POST "/shopping_lists" for ::1 at 2015-03-27 19:45:12 +0000
Processing by ShoppingListsController#create as HTML
  Parameters: {"utf8"=>"✓", "authenticity_token"=>"gZ8ecOIyDEyu324D6CliThmftZ5dO3xxeg57XvaF4LeC1nKnjF+fC+hjoCXyXTrDu4Mq6VSIZ8R70fpn9XhjLQ==", "shopping_list"=>{"title"=>"test list", "description"=>"stuff i need"}, "commit"=>"Create Shopping list"}
  [1m[36m (0.2ms)[0m  [1mbegin transaction[0m
  [1m[35mSQL (0.5ms)[0m  INSERT INTO "shopping_lists" ("title", "description", "created_at", "updated_at") VALUES (?, ?, ?, ?)  [["title", "test list"], ["description", "stuff i need"], ["created_at", "2015-03-27 19:45:12.434487"], ["updated_at", "2015-03-27 19:45:12.434487"]]
  [1m[36m (0.7ms)[0m  [1mcommit transaction[0m
Redirected to http://localhost:3000/shopping_lists/1
Completed 302 Found in 7ms (ActiveRecord: 1.4ms)


Started GET "/shopping_lists/1" for ::1 at 2015-03-27 19:45:12 +0000
Processing by ShoppingListsController#show as HTML
  Parameters: {"id"=>"1"}
  [1m[35mShoppingList Load (0.2ms)[0m  SELECT  "shopping_lists".* FROM "shopping_lists" WHERE "shopping_lists"."id" = ? LIMIT 1  [["id", 1]]
  Rendered shopping_lists/show.html.erb within layouts/application (0.9ms)
  Rendered shared/_svgicons.html.erb (0.1ms)
Completed 200 OK in 62ms (Views: 54.2ms | ActiveRecord: 0.2ms)


Started GET "/shopping_lists" for ::1 at 2015-03-27 19:45:14 +0000
Processing by ShoppingListsController#index as HTML
  [1m[36mShoppingList Load (0.1ms)[0m  [1mSELECT "shopping_lists".* FROM "shopping_lists"[0m
  Rendered shopping_lists/index.html.erb within layouts/application (1.7ms)
  Rendered shared/_svgicons.html.erb (0.0ms)
Completed 200 OK in 51ms (Views: 50.1ms | ActiveRecord: 0.1ms)


Started GET "/shopping_lists/1/edit" for ::1 at 2015-03-27 19:45:17 +0000
Processing by ShoppingListsController#edit as HTML
  Parameters: {"id"=>"1"}
  [1m[35mShoppingList Load (0.1ms)[0m  SELECT  "shopping_lists".* FROM "shopping_lists" WHERE "shopping_lists"."id" = ? LIMIT 1  [["id", 1]]
  Rendered shopping_lists/_form.html.erb (1.5ms)
  Rendered shopping_lists/edit.html.erb within layouts/application (3.4ms)
  Rendered shared/_svgicons.html.erb (0.0ms)
Completed 200 OK in 74ms (Views: 73.2ms | ActiveRecord: 0.1ms)


Started GET "/shopping_lists/1" for ::1 at 2015-03-27 19:45:20 +0000
Processing by ShoppingListsController#show as HTML
  Parameters: {"id"=>"1"}
  [1m[36mShoppingList Load (0.2ms)[0m  [1mSELECT  "shopping_lists".* FROM "shopping_lists" WHERE "shopping_lists"."id" = ? LIMIT 1[0m  [["id", 1]]
  Rendered shopping_lists/show.html.erb within layouts/application (1.8ms)
  Rendered shared/_svgicons.html.erb (0.1ms)
Completed 200 OK in 49ms (Views: 46.8ms | ActiveRecord: 0.2ms)


Started GET "/shopping_lists/1/edit" for ::1 at 2015-03-27 19:45:21 +0000
Processing by ShoppingListsController#edit as HTML
  Parameters: {"id"=>"1"}
  [1m[35mShoppingList Load (0.1ms)[0m  SELECT  "shopping_lists".* FROM "shopping_lists" WHERE "shopping_lists"."id" = ? LIMIT 1  [["id", 1]]
  Rendered shopping_lists/_form.html.erb (2.5ms)
  Rendered shopping_lists/edit.html.erb within layouts/application (3.7ms)
  Rendered shared/_svgicons.html.erb (0.0ms)
Completed 200 OK in 50ms (Views: 48.7ms | ActiveRecord: 0.1ms)


Started GET "/shopping_lists" for ::1 at 2015-03-27 19:45:23 +0000
Processing by ShoppingListsController#index as HTML
  [1m[36mShoppingList Load (0.1ms)[0m  [1mSELECT "shopping_lists".* FROM "shopping_lists"[0m
  Rendered shopping_lists/index.html.erb within layouts/application (0.9ms)
  Rendered shared/_svgicons.html.erb (0.0ms)
Completed 200 OK in 49ms (Views: 48.2ms | ActiveRecord: 0.1ms)


Started DELETE "/shopping_lists/1" for ::1 at 2015-03-27 19:45:29 +0000
Processing by ShoppingListsController#destroy as HTML
  Parameters: {"authenticity_token"=>"PWfFzKYOW6YBnBiLeWxR/RvFvqbZrGtxdpo+ah1ATAA+LqkbyGPI4Ucg1q1jGAlwudkh0dAfcMR3Rb9THr3Pmg==", "id"=>"1"}
  [1m[35mShoppingList Load (0.1ms)[0m  SELECT  "shopping_lists".* FROM "shopping_lists" WHERE "shopping_lists"."id" = ? LIMIT 1  [["id", 1]]
  [1m[36m (0.1ms)[0m  [1mbegin transaction[0m
  [1m[35mSQL (0.5ms)[0m  DELETE FROM "shopping_lists" WHERE "shopping_lists"."id" = ?  [["id", 1]]
  [1m[36m (1.0ms)[0m  [1mcommit transaction[0m
Redirected to http://localhost:3000/shopping_lists
Completed 302 Found in 7ms (ActiveRecord: 1.9ms)


Started GET "/shopping_lists" for ::1 at 2015-03-27 19:45:30 +0000
Processing by ShoppingListsController#index as HTML
  [1m[35mShoppingList Load (0.2ms)[0m  SELECT "shopping_lists".* FROM "shopping_lists"
  Rendered shopping_lists/index.html.erb within layouts/application (0.8ms)
  Rendered shared/_svgicons.html.erb (0.1ms)
Completed 200 OK in 52ms (Views: 51.8ms | ActiveRecord: 0.1ms)


Started GET "/" for ::1 at 2015-03-27 19:46:33 +0000
Processing by ShoppingListsController#index as HTML
  [1m[36mShoppingList Load (0.2ms)[0m  [1mSELECT "shopping_lists".* FROM "shopping_lists"[0m
  Rendered shopping_lists/index.html.erb within layouts/application (1.4ms)
  Rendered shared/_svgicons.html.erb (0.0ms)
Completed 200 OK in 43ms (Views: 41.2ms | ActiveRecord: 0.3ms)


Started GET "/" for ::1 at 2015-03-27 19:46:34 +0000
Processing by ShoppingListsController#index as HTML
  [1m[35mShoppingList Load (0.1ms)[0m  SELECT "shopping_lists".* FROM "shopping_lists"
  Rendered shopping_lists/index.html.erb within layouts/application (0.6ms)
  Rendered shared/_svgicons.html.erb (0.0ms)
Completed 200 OK in 46ms (Views: 45.5ms | ActiveRecord: 0.1ms)


Started GET "/assets/bootstrap_and_overrides-ae2ba741195fd08c3c01457e3dea0b83.css?body=1" for ::1 at 2015-03-27 19:46:34 +0000


Started GET "/assets/jquery-87424c3c19e96d4fb033c10ebe21ec40.js?body=1" for ::1 at 2015-03-27 19:46:34 +0000


Started GET "/assets/application-ec371c31ed8c145468a68b2dd2481408.css?body=1" for ::1 at 2015-03-27 19:46:34 +0000


Started GET "/assets/jquery_ujs-e27bd20a10d28155845a22d71ef94f2f.js?body=1" for ::1 at 2015-03-27 19:46:34 +0000


Started GET "/assets/turbolinks-f87b3583ca50adb0488b031297f5580d.js?body=1" for ::1 at 2015-03-27 19:46:34 +0000


Started GET "/assets/shopping_lists-fcec5b5a277ac7c20cc9f45a209a3bcd.js?body=1" for ::1 at 2015-03-27 19:46:34 +0000


Started GET "/assets/application-001948a807d6467a657420955d9f0c1c.js?body=1" for ::1 at 2015-03-27 19:46:34 +0000


Started GET "/shopping_lists/new" for ::1 at 2015-03-27 19:51:26 +0000
  [1m[36mActiveRecord::SchemaMigration Load (0.1ms)[0m  [1mSELECT "schema_migrations".* FROM "schema_migrations"[0m
Processing by ShoppingListsController#new as HTML
  Rendered shopping_lists/_form.html.erb (14.7ms)
  Rendered shopping_lists/new.html.erb within layouts/application (18.0ms)
  Rendered shared/_svgicons.html.erb (0.6ms)
Completed 200 OK in 117ms (Views: 105.4ms | ActiveRecord: 0.3ms)


Started POST "/shopping_lists" for ::1 at 2015-03-27 19:54:08 +0000
Processing by ShoppingListsController#create as HTML
  Parameters: {"utf8"=>"✓", "authenticity_token"=>"2E+waOifLrO8fv3OPLc5pkQiuYtL9XAawX1tVZ/1M6PbBty/hvK99PrCM+gmw2Er5j4m/EJGa6/AouxsnAiwOQ==", "shopping_list"=>{"title"=>"test", "description"=>"test"}, "commit"=>"Create Shopping list"}
  [1m[35m (0.2ms)[0m  begin transaction
  [1m[36mSQL (0.4ms)[0m  [1mINSERT INTO "shopping_lists" ("title", "description", "created_at", "updated_at") VALUES (?, ?, ?, ?)[0m  [["title", "test"], ["description", "test"], ["created_at", "2015-03-27 19:54:08.185807"], ["updated_at", "2015-03-27 19:54:08.185807"]]
  [1m[35m (0.7ms)[0m  commit transaction
Redirected to http://localhost:3000/shopping_lists/2
Completed 302 Found in 10ms (ActiveRecord: 1.3ms)


Started GET "/shopping_lists/2" for ::1 at 2015-03-27 19:54:08 +0000
Processing by ShoppingListsController#show as HTML
  Parameters: {"id"=>"2"}
  [1m[36mShoppingList Load (0.2ms)[0m  [1mSELECT  "shopping_lists".* FROM "shopping_lists" WHERE "shopping_lists"."id" = ? LIMIT 1[0m  [["id", 2]]
  Rendered shopping_lists/show.html.erb within layouts/application (0.7ms)
  Rendered shared/_svgicons.html.erb (0.6ms)
Completed 200 OK in 53ms (Views: 45.4ms | ActiveRecord: 0.2ms)


Started GET "/assets/bootstrap_and_overrides-ae2ba741195fd08c3c01457e3dea0b83.css?body=1" for ::1 at 2015-03-27 19:54:08 +0000


Started GET "/assets/application-ec371c31ed8c145468a68b2dd2481408.css?body=1" for ::1 at 2015-03-27 19:54:08 +0000


Started GET "/assets/jquery_ujs-e27bd20a10d28155845a22d71ef94f2f.js?body=1" for ::1 at 2015-03-27 19:54:08 +0000


Started GET "/assets/turbolinks-f87b3583ca50adb0488b031297f5580d.js?body=1" for ::1 at 2015-03-27 19:54:08 +0000


Started GET "/assets/jquery-87424c3c19e96d4fb033c10ebe21ec40.js?body=1" for ::1 at 2015-03-27 19:54:08 +0000


Started GET "/assets/shopping_lists-fcec5b5a277ac7c20cc9f45a209a3bcd.js?body=1" for ::1 at 2015-03-27 19:54:08 +0000


Started GET "/assets/application-001948a807d6467a657420955d9f0c1c.js?body=1" for ::1 at 2015-03-27 19:54:08 +0000


Started GET "/shopping_lists" for ::1 at 2015-03-27 19:59:19 +0000
Processing by ShoppingListsController#index as HTML
  [1m[35mShoppingList Load (0.2ms)[0m  SELECT "shopping_lists".* FROM "shopping_lists"
  Rendered shopping_lists/index.html.erb within layouts/application (4.3ms)
  Rendered shared/_svgicons.html.erb (0.1ms)
Completed 200 OK in 71ms (Views: 68.6ms | ActiveRecord: 0.6ms)


Started DELETE "/shopping_lists/2" for ::1 at 2015-03-27 19:59:21 +0000
Processing by ShoppingListsController#destroy as HTML
  Parameters: {"authenticity_token"=>"Dygz2p+10+M9MDwxrVpc5ugtK21GREbOYOwRuIcr2OsMYV8N8dhApHuM8he3LgRrSjG0Gk/3XXthM5CBhNZbcQ==", "id"=>"2"}
  [1m[36mShoppingList Load (0.4ms)[0m  [1mSELECT  "shopping_lists".* FROM "shopping_lists" WHERE "shopping_lists"."id" = ? LIMIT 1[0m  [["id", 2]]
  [1m[35m (0.2ms)[0m  begin transaction
  [1m[36mSQL (0.3ms)[0m  [1mDELETE FROM "shopping_lists" WHERE "shopping_lists"."id" = ?[0m  [["id", 2]]
  [1m[35m (8.7ms)[0m  commit transaction
Redirected to http://localhost:3000/shopping_lists
Completed 302 Found in 17ms (ActiveRecord: 9.6ms)


Started GET "/shopping_lists" for ::1 at 2015-03-27 19:59:21 +0000
Processing by ShoppingListsController#index as HTML
  [1m[36mShoppingList Load (0.6ms)[0m  [1mSELECT "shopping_lists".* FROM "shopping_lists"[0m
  Rendered shopping_lists/index.html.erb within layouts/application (3.1ms)
  Rendered shared/_svgicons.html.erb (0.1ms)
Completed 200 OK in 52ms (Views: 51.2ms | ActiveRecord: 0.6ms)


Started GET "/assets/bootstrap_and_overrides-ae2ba741195fd08c3c01457e3dea0b83.css?body=1" for ::1 at 2015-03-27 19:59:21 +0000


Started GET "/assets/application-ec371c31ed8c145468a68b2dd2481408.css?body=1" for ::1 at 2015-03-27 19:59:21 +0000


Started GET "/assets/jquery_ujs-e27bd20a10d28155845a22d71ef94f2f.js?body=1" for ::1 at 2015-03-27 19:59:22 +0000


Started GET "/assets/jquery-87424c3c19e96d4fb033c10ebe21ec40.js?body=1" for ::1 at 2015-03-27 19:59:22 +0000


Started GET "/assets/shopping_lists-fcec5b5a277ac7c20cc9f45a209a3bcd.js?body=1" for ::1 at 2015-03-27 19:59:22 +0000


Started GET "/assets/application-001948a807d6467a657420955d9f0c1c.js?body=1" for ::1 at 2015-03-27 19:59:22 +0000


Started GET "/assets/turbolinks-f87b3583ca50adb0488b031297f5580d.js?body=1" for ::1 at 2015-03-27 19:59:22 +0000


Started GET "/shopping_lists/new" for ::1 at 2015-03-27 19:59:23 +0000
Processing by ShoppingListsController#new as HTML
  Rendered shopping_lists/_form.html.erb (3.2ms)
  Rendered shopping_lists/new.html.erb within layouts/application (4.2ms)
  Rendered shared/_svgicons.html.erb (0.0ms)
Completed 200 OK in 48ms (Views: 47.6ms | ActiveRecord: 0.0ms)


Started POST "/shopping_lists" for ::1 at 2015-03-27 19:59:24 +0000
Processing by ShoppingListsController#create as HTML
  Parameters: {"utf8"=>"✓", "authenticity_token"=>"ik7pbSozzOwKqP+wlt5E8yP9/y2lrhHAVtmkKw09T+OJB4W6RF5fq0wUMZaMqhx+geFgWqwdCnVXBiUSDsDMeQ==", "shopping_list"=>{"title"=>"", "description"=>"test"}, "commit"=>"Create Shopping list"}
  [1m[35m (0.1ms)[0m  begin transaction
  [1m[36m (0.0ms)[0m  [1mrollback transaction[0m
  Rendered shopping_lists/_form.html.erb (5.8ms)
  Rendered shopping_lists/new.html.erb within layouts/application (7.2ms)
  Rendered shared/_svgicons.html.erb (0.0ms)
Completed 200 OK in 60ms (Views: 57.9ms | ActiveRecord: 0.1ms)


Started GET "/assets/application-ec371c31ed8c145468a68b2dd2481408.css?body=1" for ::1 at 2015-03-27 19:59:24 +0000


Started GET "/assets/bootstrap_and_overrides-ae2ba741195fd08c3c01457e3dea0b83.css?body=1" for ::1 at 2015-03-27 19:59:24 +0000


Started GET "/assets/jquery_ujs-e27bd20a10d28155845a22d71ef94f2f.js?body=1" for ::1 at 2015-03-27 19:59:24 +0000


Started GET "/assets/shopping_lists-fcec5b5a277ac7c20cc9f45a209a3bcd.js?body=1" for ::1 at 2015-03-27 19:59:24 +0000


Started GET "/assets/application-001948a807d6467a657420955d9f0c1c.js?body=1" for ::1 at 2015-03-27 19:59:24 +0000


Started GET "/assets/jquery-87424c3c19e96d4fb033c10ebe21ec40.js?body=1" for ::1 at 2015-03-27 19:59:24 +0000


Started GET "/assets/turbolinks-f87b3583ca50adb0488b031297f5580d.js?body=1" for ::1 at 2015-03-27 19:59:24 +0000


Started POST "/shopping_lists" for ::1 at 2015-03-27 20:00:19 +0000
Processing by ShoppingListsController#create as HTML
  Parameters: {"utf8"=>"✓", "authenticity_token"=>"UufnAVUo7AWZof186iisiXURxFso1zqECYNa5tiq1QFRrovWO0V/Qt8dM1rwXPQE1w1bLCFkITEIXNvf21dWmw==", "shopping_list"=>{"title"=>"", "description"=>"test"}, "commit"=>"Create Shopping list"}
  [1m[35m (0.1ms)[0m  begin transaction
  [1m[36m (0.1ms)[0m  [1mrollback transaction[0m
  Rendered shopping_lists/_form.html.erb (2.9ms)
  Rendered shopping_lists/new.html.erb within layouts/application (4.8ms)
  Rendered shared/_svgicons.html.erb (0.0ms)
Completed 200 OK in 62ms (Views: 59.7ms | ActiveRecord: 0.1ms)


Started GET "/assets/bootstrap_and_overrides-ae2ba741195fd08c3c01457e3dea0b83.css?body=1" for ::1 at 2015-03-27 20:00:19 +0000


Started GET "/assets/application-ec371c31ed8c145468a68b2dd2481408.css?body=1" for ::1 at 2015-03-27 20:00:19 +0000


Started GET "/assets/turbolinks-f87b3583ca50adb0488b031297f5580d.js?body=1" for ::1 at 2015-03-27 20:00:19 +0000


Started GET "/assets/jquery_ujs-e27bd20a10d28155845a22d71ef94f2f.js?body=1" for ::1 at 2015-03-27 20:00:19 +0000


Started GET "/assets/jquery-87424c3c19e96d4fb033c10ebe21ec40.js?body=1" for ::1 at 2015-03-27 20:00:19 +0000


Started GET "/assets/shopping_lists-fcec5b5a277ac7c20cc9f45a209a3bcd.js?body=1" for ::1 at 2015-03-27 20:00:19 +0000


Started GET "/assets/application-001948a807d6467a657420955d9f0c1c.js?body=1" for ::1 at 2015-03-27 20:00:19 +0000
